{"/home/yae/projects/studytime-record-app/src/components/page/helloWorld.jsx": {"path":"/home/yae/projects/studytime-record-app/src/components/page/helloWorld.jsx","all":false,"statementMap":{"0":{"start":{"line":1,"column":0},"end":{"line":1,"column":33}},"1":{"start":{"line":2,"column":0},"end":{"line":2,"column":33}},"2":{"start":{"line":3,"column":0},"end":{"line":3,"column":2}}},"s":{"0":1,"1":1,"2":1},"branchMap":{"0":{"type":"branch","line":1,"loc":{"start":{"line":1,"column":26},"end":{"line":3,"column":2}},"locations":[{"start":{"line":1,"column":26},"end":{"line":3,"column":2}}]}},"b":{"0":[1]},"fnMap":{"0":{"name":"HelloWorld","decl":{"start":{"line":1,"column":26},"end":{"line":3,"column":2}},"loc":{"start":{"line":1,"column":26},"end":{"line":3,"column":2}},"line":1}},"f":{"0":1}}
,"/home/yae/projects/studytime-record-app/src/components/page/index.tsx": {"path":"/home/yae/projects/studytime-record-app/src/components/page/index.tsx","all":false,"statementMap":{"0":{"start":{"line":1,"column":0},"end":{"line":1,"column":49}},"1":{"start":{"line":2,"column":0},"end":{"line":2,"column":77}},"2":{"start":{"line":3,"column":0},"end":{"line":3,"column":44}},"3":{"start":{"line":4,"column":0},"end":{"line":4,"column":48}},"4":{"start":{"line":5,"column":0},"end":{"line":5,"column":48}},"5":{"start":{"line":6,"column":0},"end":{"line":6,"column":42}},"6":{"start":{"line":7,"column":0},"end":{"line":7,"column":0}},"7":{"start":{"line":8,"column":0},"end":{"line":8,"column":27}},"8":{"start":{"line":9,"column":0},"end":{"line":9,"column":72}},"9":{"start":{"line":10,"column":0},"end":{"line":10,"column":52}},"10":{"start":{"line":11,"column":0},"end":{"line":11,"column":0}},"11":{"start":{"line":12,"column":0},"end":{"line":12,"column":19}},"12":{"start":{"line":13,"column":0},"end":{"line":13,"column":18}},"13":{"start":{"line":14,"column":0},"end":{"line":14,"column":25}},"14":{"start":{"line":15,"column":0},"end":{"line":15,"column":24}},"15":{"start":{"line":16,"column":0},"end":{"line":16,"column":28}},"16":{"start":{"line":17,"column":0},"end":{"line":17,"column":15}},"17":{"start":{"line":18,"column":0},"end":{"line":18,"column":29}},"18":{"start":{"line":19,"column":0},"end":{"line":19,"column":9}},"19":{"start":{"line":20,"column":0},"end":{"line":20,"column":9}},"20":{"start":{"line":21,"column":0},"end":{"line":21,"column":0}},"21":{"start":{"line":22,"column":0},"end":{"line":22,"column":38}},"22":{"start":{"line":23,"column":0},"end":{"line":23,"column":9}},"23":{"start":{"line":24,"column":0},"end":{"line":24,"column":20}},"24":{"start":{"line":25,"column":0},"end":{"line":25,"column":80}},"25":{"start":{"line":26,"column":0},"end":{"line":26,"column":31}},"26":{"start":{"line":27,"column":0},"end":{"line":27,"column":26}},"27":{"start":{"line":28,"column":0},"end":{"line":28,"column":29}},"28":{"start":{"line":29,"column":0},"end":{"line":29,"column":11}},"29":{"start":{"line":30,"column":0},"end":{"line":30,"column":17}},"30":{"start":{"line":31,"column":0},"end":{"line":31,"column":21}},"31":{"start":{"line":32,"column":0},"end":{"line":32,"column":5}},"32":{"start":{"line":33,"column":0},"end":{"line":33,"column":4}},"33":{"start":{"line":34,"column":0},"end":{"line":34,"column":0}},"34":{"start":{"line":35,"column":0},"end":{"line":35,"column":56}},"35":{"start":{"line":36,"column":0},"end":{"line":36,"column":9}},"36":{"start":{"line":37,"column":0},"end":{"line":37,"column":25}},"37":{"start":{"line":38,"column":0},"end":{"line":38,"column":38}},"38":{"start":{"line":39,"column":0},"end":{"line":39,"column":29}},"39":{"start":{"line":40,"column":0},"end":{"line":40,"column":22}},"40":{"start":{"line":41,"column":0},"end":{"line":41,"column":21}},"41":{"start":{"line":42,"column":0},"end":{"line":42,"column":29}},"42":{"start":{"line":43,"column":0},"end":{"line":43,"column":29}},"43":{"start":{"line":44,"column":0},"end":{"line":44,"column":26}},"44":{"start":{"line":45,"column":0},"end":{"line":45,"column":18}},"45":{"start":{"line":46,"column":0},"end":{"line":46,"column":13}},"46":{"start":{"line":47,"column":0},"end":{"line":47,"column":19}},"47":{"start":{"line":48,"column":0},"end":{"line":48,"column":5}},"48":{"start":{"line":49,"column":0},"end":{"line":49,"column":4}},"49":{"start":{"line":50,"column":0},"end":{"line":50,"column":0}},"50":{"start":{"line":51,"column":0},"end":{"line":51,"column":51}},"51":{"start":{"line":52,"column":0},"end":{"line":52,"column":9}},"52":{"start":{"line":53,"column":0},"end":{"line":53,"column":25}},"53":{"start":{"line":54,"column":0},"end":{"line":54,"column":38}},"54":{"start":{"line":55,"column":0},"end":{"line":55,"column":29}},"55":{"start":{"line":56,"column":0},"end":{"line":56,"column":17}},"56":{"start":{"line":57,"column":0},"end":{"line":57,"column":22}},"57":{"start":{"line":58,"column":0},"end":{"line":58,"column":29}},"58":{"start":{"line":59,"column":0},"end":{"line":59,"column":29}},"59":{"start":{"line":60,"column":0},"end":{"line":60,"column":26}},"60":{"start":{"line":61,"column":0},"end":{"line":61,"column":17}},"61":{"start":{"line":62,"column":0},"end":{"line":62,"column":21}},"62":{"start":{"line":63,"column":0},"end":{"line":63,"column":5}},"63":{"start":{"line":64,"column":0},"end":{"line":64,"column":4}},"64":{"start":{"line":65,"column":0},"end":{"line":65,"column":0}},"65":{"start":{"line":66,"column":0},"end":{"line":66,"column":10}},"66":{"start":{"line":67,"column":0},"end":{"line":67,"column":82}},"67":{"start":{"line":68,"column":0},"end":{"line":68,"column":20}},"68":{"start":{"line":69,"column":0},"end":{"line":69,"column":72}},"69":{"start":{"line":70,"column":0},"end":{"line":70,"column":21}},"70":{"start":{"line":71,"column":0},"end":{"line":71,"column":14}},"71":{"start":{"line":72,"column":0},"end":{"line":72,"column":11}},"72":{"start":{"line":73,"column":0},"end":{"line":73,"column":59}},"73":{"start":{"line":74,"column":0},"end":{"line":74,"column":19}},"74":{"start":{"line":75,"column":0},"end":{"line":75,"column":56}},"75":{"start":{"line":76,"column":0},"end":{"line":76,"column":22}},"76":{"start":{"line":77,"column":0},"end":{"line":77,"column":37}},"77":{"start":{"line":78,"column":0},"end":{"line":78,"column":49}},"78":{"start":{"line":79,"column":0},"end":{"line":79,"column":12}},"79":{"start":{"line":80,"column":0},"end":{"line":80,"column":14}},"80":{"start":{"line":81,"column":0},"end":{"line":81,"column":8}},"81":{"start":{"line":82,"column":0},"end":{"line":82,"column":10}},"82":{"start":{"line":83,"column":0},"end":{"line":83,"column":4}},"83":{"start":{"line":84,"column":0},"end":{"line":84,"column":2}}},"s":{"0":1,"1":1,"2":1,"3":1,"4":1,"5":1,"6":1,"7":1,"8":9,"9":9,"10":9,"11":9,"12":1,"13":1,"14":1,"15":1,"16":1,"17":1,"18":1,"19":9,"20":9,"21":9,"22":3,"23":3,"24":3,"25":3,"26":2,"27":2,"28":3,"29":3,"30":0,"31":0,"32":3,"33":9,"34":9,"35":1,"36":1,"37":1,"38":1,"39":1,"40":1,"41":1,"42":1,"43":1,"44":1,"45":1,"46":0,"47":0,"48":1,"49":9,"50":9,"51":1,"52":1,"53":1,"54":1,"55":1,"56":1,"57":1,"58":1,"59":1,"60":1,"61":0,"62":0,"63":1,"64":9,"65":9,"66":9,"67":9,"68":4,"69":4,"70":4,"71":9,"72":5,"73":5,"74":5,"75":5,"76":5,"77":5,"78":5,"79":5,"80":9,"81":9,"82":9,"83":9},"branchMap":{"0":{"type":"branch","line":8,"loc":{"start":{"line":8,"column":20},"end":{"line":84,"column":2}},"locations":[{"start":{"line":8,"column":20},"end":{"line":84,"column":2}}]},"1":{"type":"branch","line":68,"loc":{"start":{"line":68,"column":17},"end":{"line":71,"column":14}},"locations":[{"start":{"line":68,"column":17},"end":{"line":71,"column":14}}]},"2":{"type":"branch","line":72,"loc":{"start":{"line":72,"column":8},"end":{"line":80,"column":14}},"locations":[{"start":{"line":72,"column":8},"end":{"line":80,"column":14}}]},"3":{"type":"branch","line":12,"loc":{"start":{"line":12,"column":12},"end":{"line":20,"column":3}},"locations":[{"start":{"line":12,"column":12},"end":{"line":20,"column":3}}]},"4":{"type":"branch","line":13,"loc":{"start":{"line":13,"column":5},"end":{"line":19,"column":6}},"locations":[{"start":{"line":13,"column":5},"end":{"line":19,"column":6}}]},"5":{"type":"branch","line":13,"loc":{"start":{"line":13,"column":16},"end":{"line":19,"column":5}},"locations":[{"start":{"line":13,"column":16},"end":{"line":19,"column":5}}]},"6":{"type":"branch","line":15,"loc":{"start":{"line":15,"column":17},"end":{"line":17,"column":7}},"locations":[{"start":{"line":15,"column":17},"end":{"line":17,"column":7}}]},"7":{"type":"branch","line":22,"loc":{"start":{"line":22,"column":25},"end":{"line":33,"column":4}},"locations":[{"start":{"line":22,"column":25},"end":{"line":33,"column":4}}]},"8":{"type":"branch","line":22,"loc":{"start":{"line":22,"column":36},"end":{"line":33,"column":3}},"locations":[{"start":{"line":22,"column":36},"end":{"line":33,"column":3}}]},"9":{"type":"branch","line":30,"loc":{"start":{"line":30,"column":6},"end":{"line":32,"column":5}},"locations":[{"start":{"line":30,"column":6},"end":{"line":32,"column":5}}]},"10":{"type":"branch","line":24,"loc":{"start":{"line":24,"column":7},"end":{"line":29,"column":8}},"locations":[{"start":{"line":24,"column":7},"end":{"line":29,"column":8}}]},"11":{"type":"branch","line":24,"loc":{"start":{"line":24,"column":18},"end":{"line":29,"column":7}},"locations":[{"start":{"line":24,"column":18},"end":{"line":29,"column":7}}]},"12":{"type":"branch","line":26,"loc":{"start":{"line":26,"column":-1},"end":{"line":26,"column":25}},"locations":[{"start":{"line":26,"column":-1},"end":{"line":26,"column":25}}]},"13":{"type":"branch","line":26,"loc":{"start":{"line":26,"column":19},"end":{"line":26,"column":31}},"locations":[{"start":{"line":26,"column":19},"end":{"line":26,"column":31}}]},"14":{"type":"branch","line":27,"loc":{"start":{"line":27,"column":-1},"end":{"line":27,"column":26}},"locations":[{"start":{"line":27,"column":-1},"end":{"line":27,"column":26}}]},"15":{"type":"branch","line":27,"loc":{"start":{"line":27,"column":19},"end":{"line":27,"column":26}},"locations":[{"start":{"line":27,"column":19},"end":{"line":27,"column":26}}]},"16":{"type":"branch","line":28,"loc":{"start":{"line":28,"column":-1},"end":{"line":29,"column":7}},"locations":[{"start":{"line":28,"column":-1},"end":{"line":29,"column":7}}]},"17":{"type":"branch","line":35,"loc":{"start":{"line":35,"column":28},"end":{"line":49,"column":4}},"locations":[{"start":{"line":35,"column":28},"end":{"line":49,"column":4}}]},"18":{"type":"branch","line":35,"loc":{"start":{"line":35,"column":54},"end":{"line":49,"column":3}},"locations":[{"start":{"line":35,"column":54},"end":{"line":49,"column":3}}]},"19":{"type":"branch","line":42,"loc":{"start":{"line":42,"column":17},"end":{"line":42,"column":29}},"locations":[{"start":{"line":42,"column":17},"end":{"line":42,"column":29}}]},"20":{"type":"branch","line":46,"loc":{"start":{"line":46,"column":6},"end":{"line":48,"column":5}},"locations":[{"start":{"line":46,"column":6},"end":{"line":48,"column":5}}]},"21":{"type":"branch","line":51,"loc":{"start":{"line":51,"column":28},"end":{"line":64,"column":4}},"locations":[{"start":{"line":51,"column":28},"end":{"line":64,"column":4}}]},"22":{"type":"branch","line":51,"loc":{"start":{"line":51,"column":49},"end":{"line":64,"column":3}},"locations":[{"start":{"line":51,"column":49},"end":{"line":64,"column":3}}]},"23":{"type":"branch","line":58,"loc":{"start":{"line":58,"column":17},"end":{"line":58,"column":29}},"locations":[{"start":{"line":58,"column":17},"end":{"line":58,"column":29}}]},"24":{"type":"branch","line":61,"loc":{"start":{"line":61,"column":6},"end":{"line":63,"column":5}},"locations":[{"start":{"line":61,"column":6},"end":{"line":63,"column":5}}]}},"b":{"0":[9],"1":[4],"2":[5],"3":[1],"4":[1],"5":[1],"6":[1],"7":[3],"8":[3],"9":[0],"10":[3],"11":[3],"12":[2],"13":[0],"14":[2],"15":[0],"16":[2],"17":[1],"18":[1],"19":[0],"20":[0],"21":[1],"22":[1],"23":[0],"24":[0]},"fnMap":{"0":{"name":"Page","decl":{"start":{"line":8,"column":20},"end":{"line":84,"column":2}},"loc":{"start":{"line":8,"column":20},"end":{"line":84,"column":2}},"line":8},"1":{"name":"getStudyRecord","decl":{"start":{"line":22,"column":25},"end":{"line":33,"column":4}},"loc":{"start":{"line":22,"column":25},"end":{"line":33,"column":4}},"line":22},"2":{"name":"createStudyRecord","decl":{"start":{"line":35,"column":28},"end":{"line":49,"column":4}},"loc":{"start":{"line":35,"column":28},"end":{"line":49,"column":4}},"line":35},"3":{"name":"deleteStudyRecord","decl":{"start":{"line":51,"column":28},"end":{"line":64,"column":4}},"loc":{"start":{"line":51,"column":28},"end":{"line":64,"column":4}},"line":51}},"f":{"0":9,"1":3,"2":1,"3":1}}
,"/home/yae/projects/studytime-record-app/src/components/ui/Alert/Alert.tsx": {"path":"/home/yae/projects/studytime-record-app/src/components/ui/Alert/Alert.tsx","all":false,"statementMap":{"0":{"start":{"line":1,"column":0},"end":{"line":1,"column":19}},"1":{"start":{"line":2,"column":0},"end":{"line":2,"column":16}},"2":{"start":{"line":3,"column":0},"end":{"line":3,"column":2}},"3":{"start":{"line":4,"column":0},"end":{"line":4,"column":0}},"4":{"start":{"line":5,"column":0},"end":{"line":5,"column":48}},"5":{"start":{"line":6,"column":0},"end":{"line":6,"column":10}},"6":{"start":{"line":7,"column":0},"end":{"line":7,"column":66}},"7":{"start":{"line":8,"column":0},"end":{"line":8,"column":32}},"8":{"start":{"line":9,"column":0},"end":{"line":9,"column":10}},"9":{"start":{"line":10,"column":0},"end":{"line":10,"column":4}},"10":{"start":{"line":11,"column":0},"end":{"line":11,"column":2}}},"s":{"0":1,"1":1,"2":1,"3":1,"4":1,"5":2,"6":2,"7":2,"8":2,"9":2,"10":2},"branchMap":{"0":{"type":"branch","line":5,"loc":{"start":{"line":5,"column":21},"end":{"line":11,"column":2}},"locations":[{"start":{"line":5,"column":21},"end":{"line":11,"column":2}}]},"1":{"type":"branch","line":8,"loc":{"start":{"line":8,"column":11},"end":{"line":8,"column":31}},"locations":[{"start":{"line":8,"column":11},"end":{"line":8,"column":31}}]}},"b":{"0":[2],"1":[0]},"fnMap":{"0":{"name":"Alert","decl":{"start":{"line":5,"column":21},"end":{"line":11,"column":2}},"loc":{"start":{"line":5,"column":21},"end":{"line":11,"column":2}},"line":5}},"f":{"0":2}}
,"/home/yae/projects/studytime-record-app/src/components/ui/Form/Form.tsx": {"path":"/home/yae/projects/studytime-record-app/src/components/ui/Form/Form.tsx","all":false,"statementMap":{"0":{"start":{"line":1,"column":0},"end":{"line":1,"column":52}},"1":{"start":{"line":2,"column":0},"end":{"line":2,"column":39}},"2":{"start":{"line":3,"column":0},"end":{"line":3,"column":0}},"3":{"start":{"line":4,"column":0},"end":{"line":4,"column":24}},"4":{"start":{"line":5,"column":0},"end":{"line":5,"column":16}},"5":{"start":{"line":6,"column":0},"end":{"line":6,"column":15}},"6":{"start":{"line":7,"column":0},"end":{"line":7,"column":2}},"7":{"start":{"line":8,"column":0},"end":{"line":8,"column":0}},"8":{"start":{"line":9,"column":0},"end":{"line":9,"column":18}},"9":{"start":{"line":10,"column":0},"end":{"line":10,"column":60}},"10":{"start":{"line":11,"column":0},"end":{"line":11,"column":2}},"11":{"start":{"line":12,"column":0},"end":{"line":12,"column":0}},"12":{"start":{"line":13,"column":0},"end":{"line":13,"column":59}},"13":{"start":{"line":14,"column":0},"end":{"line":14,"column":24}},"14":{"start":{"line":15,"column":0},"end":{"line":15,"column":14}},"15":{"start":{"line":16,"column":0},"end":{"line":16,"column":12}},"16":{"start":{"line":17,"column":0},"end":{"line":17,"column":4}},"17":{"start":{"line":18,"column":0},"end":{"line":18,"column":9}},"18":{"start":{"line":19,"column":0},"end":{"line":19,"column":13}},"19":{"start":{"line":20,"column":0},"end":{"line":20,"column":17}},"20":{"start":{"line":21,"column":0},"end":{"line":21,"column":13}},"21":{"start":{"line":22,"column":0},"end":{"line":22,"column":10}},"22":{"start":{"line":23,"column":0},"end":{"line":23,"column":26}},"23":{"start":{"line":24,"column":0},"end":{"line":24,"column":12}},"24":{"start":{"line":25,"column":0},"end":{"line":25,"column":25}},"25":{"start":{"line":26,"column":0},"end":{"line":26,"column":32}},"26":{"start":{"line":27,"column":0},"end":{"line":27,"column":5}},"27":{"start":{"line":28,"column":0},"end":{"line":28,"column":53}},"28":{"start":{"line":29,"column":0},"end":{"line":29,"column":51}},"29":{"start":{"line":30,"column":0},"end":{"line":30,"column":0}},"30":{"start":{"line":31,"column":0},"end":{"line":31,"column":53}},"31":{"start":{"line":32,"column":0},"end":{"line":32,"column":46}},"32":{"start":{"line":33,"column":0},"end":{"line":33,"column":32}},"33":{"start":{"line":34,"column":0},"end":{"line":34,"column":8}},"34":{"start":{"line":35,"column":0},"end":{"line":35,"column":31}},"35":{"start":{"line":36,"column":0},"end":{"line":36,"column":28}},"36":{"start":{"line":37,"column":0},"end":{"line":37,"column":9}},"37":{"start":{"line":38,"column":0},"end":{"line":38,"column":4}},"38":{"start":{"line":39,"column":0},"end":{"line":39,"column":0}},"39":{"start":{"line":40,"column":0},"end":{"line":40,"column":10}},"40":{"start":{"line":41,"column":0},"end":{"line":41,"column":41}},"41":{"start":{"line":42,"column":0},"end":{"line":42,"column":11}},"42":{"start":{"line":43,"column":0},"end":{"line":43,"column":13}},"43":{"start":{"line":44,"column":0},"end":{"line":44,"column":49}},"44":{"start":{"line":45,"column":0},"end":{"line":45,"column":16}},"45":{"start":{"line":46,"column":0},"end":{"line":46,"column":18}},"46":{"start":{"line":47,"column":0},"end":{"line":47,"column":74}},"47":{"start":{"line":48,"column":0},"end":{"line":48,"column":67}},"48":{"start":{"line":49,"column":0},"end":{"line":49,"column":17}},"49":{"start":{"line":50,"column":0},"end":{"line":50,"column":56}},"50":{"start":{"line":51,"column":0},"end":{"line":51,"column":14}},"51":{"start":{"line":52,"column":0},"end":{"line":52,"column":18}},"52":{"start":{"line":53,"column":0},"end":{"line":53,"column":54}},"53":{"start":{"line":54,"column":0},"end":{"line":54,"column":14}},"54":{"start":{"line":55,"column":0},"end":{"line":55,"column":13}},"55":{"start":{"line":56,"column":0},"end":{"line":56,"column":50}},"56":{"start":{"line":57,"column":0},"end":{"line":57,"column":16}},"57":{"start":{"line":58,"column":0},"end":{"line":58,"column":18}},"58":{"start":{"line":59,"column":0},"end":{"line":59,"column":74}},"59":{"start":{"line":60,"column":0},"end":{"line":60,"column":66}},"60":{"start":{"line":61,"column":0},"end":{"line":61,"column":17}},"61":{"start":{"line":62,"column":0},"end":{"line":62,"column":27}},"62":{"start":{"line":63,"column":0},"end":{"line":63,"column":63}},"63":{"start":{"line":64,"column":0},"end":{"line":64,"column":14}},"64":{"start":{"line":65,"column":0},"end":{"line":65,"column":14}},"65":{"start":{"line":66,"column":0},"end":{"line":66,"column":18}},"66":{"start":{"line":67,"column":0},"end":{"line":67,"column":53}},"67":{"start":{"line":68,"column":0},"end":{"line":68,"column":14}},"68":{"start":{"line":69,"column":0},"end":{"line":69,"column":12}},"69":{"start":{"line":70,"column":0},"end":{"line":70,"column":11}},"70":{"start":{"line":71,"column":0},"end":{"line":71,"column":38}},"71":{"start":{"line":72,"column":0},"end":{"line":72,"column":37}},"72":{"start":{"line":73,"column":0},"end":{"line":73,"column":12}},"73":{"start":{"line":74,"column":0},"end":{"line":74,"column":77}},"74":{"start":{"line":75,"column":0},"end":{"line":75,"column":10}},"75":{"start":{"line":76,"column":0},"end":{"line":76,"column":15}},"76":{"start":{"line":77,"column":0},"end":{"line":77,"column":59}},"77":{"start":{"line":78,"column":0},"end":{"line":78,"column":10}},"78":{"start":{"line":79,"column":0},"end":{"line":79,"column":4}},"79":{"start":{"line":80,"column":0},"end":{"line":80,"column":2}}},"s":{"0":1,"1":1,"2":1,"3":1,"4":1,"5":1,"6":1,"7":1,"8":1,"9":1,"10":1,"11":1,"12":1,"13":8,"14":8,"15":8,"16":8,"17":8,"18":8,"19":8,"20":8,"21":8,"22":8,"23":8,"24":8,"25":8,"26":8,"27":8,"28":8,"29":8,"30":8,"31":1,"32":1,"33":0,"34":0,"35":0,"36":0,"37":1,"38":8,"39":8,"40":8,"41":8,"42":8,"43":8,"44":8,"45":8,"46":8,"47":8,"48":8,"49":8,"50":8,"51":8,"52":8,"53":8,"54":8,"55":8,"56":8,"57":8,"58":8,"59":8,"60":8,"61":8,"62":8,"63":8,"64":8,"65":8,"66":8,"67":8,"68":8,"69":8,"70":8,"71":8,"72":8,"73":8,"74":8,"75":8,"76":8,"77":8,"78":8,"79":8},"branchMap":{"0":{"type":"branch","line":13,"loc":{"start":{"line":13,"column":20},"end":{"line":80,"column":2}},"locations":[{"start":{"line":13,"column":20},"end":{"line":80,"column":2}}]},"1":{"type":"branch","line":48,"loc":{"start":{"line":48,"column":29},"end":{"line":48,"column":47}},"locations":[{"start":{"line":48,"column":29},"end":{"line":48,"column":47}}]},"2":{"type":"branch","line":48,"loc":{"start":{"line":48,"column":48},"end":{"line":48,"column":67}},"locations":[{"start":{"line":48,"column":48},"end":{"line":48,"column":67}}]},"3":{"type":"branch","line":53,"loc":{"start":{"line":53,"column":23},"end":{"line":53,"column":53}},"locations":[{"start":{"line":53,"column":23},"end":{"line":53,"column":53}}]},"4":{"type":"branch","line":60,"loc":{"start":{"line":60,"column":28},"end":{"line":60,"column":46}},"locations":[{"start":{"line":60,"column":28},"end":{"line":60,"column":46}}]},"5":{"type":"branch","line":60,"loc":{"start":{"line":60,"column":47},"end":{"line":60,"column":66}},"locations":[{"start":{"line":60,"column":47},"end":{"line":60,"column":66}}]},"6":{"type":"branch","line":67,"loc":{"start":{"line":67,"column":22},"end":{"line":67,"column":52}},"locations":[{"start":{"line":67,"column":22},"end":{"line":67,"column":52}}]},"7":{"type":"branch","line":77,"loc":{"start":{"line":77,"column":18},"end":{"line":77,"column":58}},"locations":[{"start":{"line":77,"column":18},"end":{"line":77,"column":58}}]},"8":{"type":"branch","line":31,"loc":{"start":{"line":31,"column":25},"end":{"line":38,"column":4}},"locations":[{"start":{"line":31,"column":25},"end":{"line":38,"column":4}}]},"9":{"type":"branch","line":31,"loc":{"start":{"line":31,"column":51},"end":{"line":38,"column":3}},"locations":[{"start":{"line":31,"column":51},"end":{"line":38,"column":3}}]},"10":{"type":"branch","line":34,"loc":{"start":{"line":34,"column":-1},"end":{"line":37,"column":9}},"locations":[{"start":{"line":34,"column":-1},"end":{"line":37,"column":9}}]}},"b":{"0":[8],"1":[1],"2":[7],"3":[1],"4":[1],"5":[7],"6":[1],"7":[0],"8":[1],"9":[1],"10":[0]},"fnMap":{"0":{"name":"Form","decl":{"start":{"line":13,"column":20},"end":{"line":80,"column":2}},"loc":{"start":{"line":13,"column":20},"end":{"line":80,"column":2}},"line":13},"1":{"name":"handleRegister","decl":{"start":{"line":31,"column":25},"end":{"line":38,"column":4}},"loc":{"start":{"line":31,"column":25},"end":{"line":38,"column":4}},"line":31}},"f":{"0":8,"1":1}}
,"/home/yae/projects/studytime-record-app/src/components/ui/Loading/Loading.tsx": {"path":"/home/yae/projects/studytime-record-app/src/components/ui/Loading/Loading.tsx","all":false,"statementMap":{"0":{"start":{"line":1,"column":0},"end":{"line":1,"column":30}},"1":{"start":{"line":2,"column":0},"end":{"line":2,"column":20}},"2":{"start":{"line":3,"column":0},"end":{"line":3,"column":0}},"3":{"start":{"line":4,"column":0},"end":{"line":4,"column":10}},"4":{"start":{"line":5,"column":0},"end":{"line":5,"column":40}},"5":{"start":{"line":6,"column":0},"end":{"line":6,"column":114}},"6":{"start":{"line":7,"column":0},"end":{"line":7,"column":38}},"7":{"start":{"line":8,"column":0},"end":{"line":8,"column":15}},"8":{"start":{"line":9,"column":0},"end":{"line":9,"column":19}},"9":{"start":{"line":10,"column":0},"end":{"line":10,"column":65}},"10":{"start":{"line":11,"column":0},"end":{"line":11,"column":20}},"11":{"start":{"line":12,"column":0},"end":{"line":12,"column":70}},"12":{"start":{"line":13,"column":0},"end":{"line":13,"column":71}},"13":{"start":{"line":14,"column":0},"end":{"line":14,"column":14}},"14":{"start":{"line":15,"column":0},"end":{"line":15,"column":18}},"15":{"start":{"line":16,"column":0},"end":{"line":16,"column":11}},"16":{"start":{"line":17,"column":0},"end":{"line":17,"column":12}},"17":{"start":{"line":18,"column":0},"end":{"line":18,"column":95}},"18":{"start":{"line":19,"column":0},"end":{"line":19,"column":18}},"19":{"start":{"line":20,"column":0},"end":{"line":20,"column":10}},"20":{"start":{"line":21,"column":0},"end":{"line":21,"column":10}},"21":{"start":{"line":22,"column":0},"end":{"line":22,"column":4}},"22":{"start":{"line":23,"column":0},"end":{"line":23,"column":2}}},"s":{"0":1,"1":4,"2":4,"3":4,"4":4,"5":4,"6":4,"7":32,"8":32,"9":32,"10":32,"11":32,"12":32,"13":32,"14":32,"15":4,"16":4,"17":4,"18":4,"19":4,"20":4,"21":4,"22":4},"branchMap":{"0":{"type":"branch","line":1,"loc":{"start":{"line":1,"column":23},"end":{"line":23,"column":2}},"locations":[{"start":{"line":1,"column":23},"end":{"line":23,"column":2}}]},"1":{"type":"branch","line":7,"loc":{"start":{"line":7,"column":27},"end":{"line":15,"column":18}},"locations":[{"start":{"line":7,"column":27},"end":{"line":15,"column":18}}]}},"b":{"0":[4],"1":[32]},"fnMap":{"0":{"name":"Loading","decl":{"start":{"line":1,"column":23},"end":{"line":23,"column":2}},"loc":{"start":{"line":1,"column":23},"end":{"line":23,"column":2}},"line":1}},"f":{"0":4}}
,"/home/yae/projects/studytime-record-app/src/components/ui/Modal/Modal.tsx": {"path":"/home/yae/projects/studytime-record-app/src/components/ui/Modal/Modal.tsx","all":false,"statementMap":{"0":{"start":{"line":1,"column":0},"end":{"line":1,"column":61}},"1":{"start":{"line":2,"column":0},"end":{"line":2,"column":0}},"2":{"start":{"line":3,"column":0},"end":{"line":3,"column":19}},"3":{"start":{"line":4,"column":0},"end":{"line":4,"column":21}},"4":{"start":{"line":5,"column":0},"end":{"line":5,"column":31}},"5":{"start":{"line":6,"column":0},"end":{"line":6,"column":28}},"6":{"start":{"line":7,"column":0},"end":{"line":7,"column":28}},"7":{"start":{"line":8,"column":0},"end":{"line":8,"column":2}},"8":{"start":{"line":9,"column":0},"end":{"line":9,"column":0}},"9":{"start":{"line":10,"column":0},"end":{"line":10,"column":23}},"10":{"start":{"line":11,"column":0},"end":{"line":11,"column":12}},"11":{"start":{"line":12,"column":0},"end":{"line":12,"column":14}},"12":{"start":{"line":13,"column":0},"end":{"line":13,"column":16}},"13":{"start":{"line":14,"column":0},"end":{"line":14,"column":16}},"14":{"start":{"line":15,"column":0},"end":{"line":15,"column":19}},"15":{"start":{"line":16,"column":0},"end":{"line":16,"column":10}},"16":{"start":{"line":17,"column":0},"end":{"line":17,"column":8}},"17":{"start":{"line":18,"column":0},"end":{"line":18,"column":125}},"18":{"start":{"line":19,"column":0},"end":{"line":19,"column":30}},"19":{"start":{"line":20,"column":0},"end":{"line":20,"column":9}},"20":{"start":{"line":21,"column":0},"end":{"line":21,"column":5}},"21":{"start":{"line":22,"column":0},"end":{"line":22,"column":77}},"22":{"start":{"line":23,"column":0},"end":{"line":23,"column":37}},"23":{"start":{"line":24,"column":0},"end":{"line":24,"column":58}},"24":{"start":{"line":25,"column":0},"end":{"line":25,"column":58}},"25":{"start":{"line":26,"column":0},"end":{"line":26,"column":47}},"26":{"start":{"line":27,"column":0},"end":{"line":27,"column":78}},"27":{"start":{"line":28,"column":0},"end":{"line":28,"column":17}},"28":{"start":{"line":29,"column":0},"end":{"line":29,"column":19}},"29":{"start":{"line":30,"column":0},"end":{"line":30,"column":76}},"30":{"start":{"line":31,"column":0},"end":{"line":31,"column":16}},"31":{"start":{"line":32,"column":0},"end":{"line":32,"column":19}},"32":{"start":{"line":33,"column":0},"end":{"line":33,"column":14}},"33":{"start":{"line":34,"column":0},"end":{"line":34,"column":12}},"34":{"start":{"line":35,"column":0},"end":{"line":35,"column":10}},"35":{"start":{"line":36,"column":0},"end":{"line":36,"column":4}},"36":{"start":{"line":37,"column":0},"end":{"line":37,"column":2}}},"s":{"0":1,"1":1,"2":1,"3":1,"4":1,"5":1,"6":1,"7":1,"8":1,"9":1,"10":7,"11":7,"12":7,"13":7,"14":7,"15":7,"16":7,"17":7,"18":7,"19":7,"20":7,"21":7,"22":7,"23":7,"24":7,"25":7,"26":7,"27":7,"28":7,"29":7,"30":7,"31":7,"32":7,"33":7,"34":7,"35":7,"36":7},"branchMap":{"0":{"type":"branch","line":10,"loc":{"start":{"line":10,"column":21},"end":{"line":37,"column":2}},"locations":[{"start":{"line":10,"column":21},"end":{"line":37,"column":2}}]},"1":{"type":"branch","line":19,"loc":{"start":{"line":19,"column":18},"end":{"line":19,"column":30}},"locations":[{"start":{"line":19,"column":18},"end":{"line":19,"column":30}}]}},"b":{"0":[7],"1":[6]},"fnMap":{"0":{"name":"Modal","decl":{"start":{"line":10,"column":21},"end":{"line":37,"column":2}},"loc":{"start":{"line":10,"column":21},"end":{"line":37,"column":2}},"line":10}},"f":{"0":7}}
,"/home/yae/projects/studytime-record-app/src/components/ui/StudyRecord/StudyRecord.tsx": {"path":"/home/yae/projects/studytime-record-app/src/components/ui/StudyRecord/StudyRecord.tsx","all":false,"statementMap":{"0":{"start":{"line":1,"column":0},"end":{"line":1,"column":33}},"1":{"start":{"line":2,"column":0},"end":{"line":2,"column":39}},"2":{"start":{"line":3,"column":0},"end":{"line":3,"column":0}},"3":{"start":{"line":4,"column":0},"end":{"line":4,"column":31}},"4":{"start":{"line":5,"column":0},"end":{"line":5,"column":13}},"5":{"start":{"line":6,"column":0},"end":{"line":6,"column":16}},"6":{"start":{"line":7,"column":0},"end":{"line":7,"column":15}},"7":{"start":{"line":8,"column":0},"end":{"line":8,"column":2}},"8":{"start":{"line":9,"column":0},"end":{"line":9,"column":0}},"9":{"start":{"line":10,"column":0},"end":{"line":10,"column":25}},"10":{"start":{"line":11,"column":0},"end":{"line":11,"column":33}},"11":{"start":{"line":12,"column":0},"end":{"line":12,"column":42}},"12":{"start":{"line":13,"column":0},"end":{"line":13,"column":2}},"13":{"start":{"line":14,"column":0},"end":{"line":14,"column":0}},"14":{"start":{"line":15,"column":0},"end":{"line":15,"column":29}},"15":{"start":{"line":16,"column":0},"end":{"line":16,"column":14}},"16":{"start":{"line":17,"column":0},"end":{"line":17,"column":20}},"17":{"start":{"line":18,"column":0},"end":{"line":18,"column":25}},"18":{"start":{"line":19,"column":0},"end":{"line":19,"column":54}},"19":{"start":{"line":20,"column":0},"end":{"line":20,"column":34}},"20":{"start":{"line":21,"column":0},"end":{"line":21,"column":37}},"21":{"start":{"line":22,"column":0},"end":{"line":22,"column":18}},"22":{"start":{"line":23,"column":0},"end":{"line":23,"column":0}},"23":{"start":{"line":24,"column":0},"end":{"line":24,"column":57}},"24":{"start":{"line":25,"column":0},"end":{"line":25,"column":47}},"25":{"start":{"line":26,"column":0},"end":{"line":26,"column":57}},"26":{"start":{"line":27,"column":0},"end":{"line":27,"column":7}},"27":{"start":{"line":28,"column":0},"end":{"line":28,"column":20}},"28":{"start":{"line":29,"column":0},"end":{"line":29,"column":38}},"29":{"start":{"line":30,"column":0},"end":{"line":30,"column":4}},"30":{"start":{"line":31,"column":0},"end":{"line":31,"column":0}},"31":{"start":{"line":32,"column":0},"end":{"line":32,"column":10}},"32":{"start":{"line":33,"column":0},"end":{"line":33,"column":45}},"33":{"start":{"line":34,"column":0},"end":{"line":34,"column":51}},"34":{"start":{"line":35,"column":0},"end":{"line":35,"column":11}},"35":{"start":{"line":36,"column":0},"end":{"line":36,"column":37}},"36":{"start":{"line":37,"column":0},"end":{"line":37,"column":74}},"37":{"start":{"line":38,"column":0},"end":{"line":38,"column":17}},"38":{"start":{"line":39,"column":0},"end":{"line":39,"column":34}},"39":{"start":{"line":40,"column":0},"end":{"line":40,"column":34}},"40":{"start":{"line":41,"column":0},"end":{"line":41,"column":18}},"41":{"start":{"line":42,"column":0},"end":{"line":42,"column":79}},"42":{"start":{"line":43,"column":0},"end":{"line":43,"column":16}},"43":{"start":{"line":44,"column":0},"end":{"line":44,"column":21}},"44":{"start":{"line":45,"column":0},"end":{"line":45,"column":16}},"45":{"start":{"line":46,"column":0},"end":{"line":46,"column":11}},"46":{"start":{"line":47,"column":0},"end":{"line":47,"column":12}},"47":{"start":{"line":48,"column":0},"end":{"line":48,"column":12}},"48":{"start":{"line":49,"column":0},"end":{"line":49,"column":42}},"49":{"start":{"line":50,"column":0},"end":{"line":50,"column":21}},"50":{"start":{"line":51,"column":0},"end":{"line":51,"column":42}},"51":{"start":{"line":52,"column":0},"end":{"line":52,"column":19}},"52":{"start":{"line":53,"column":0},"end":{"line":53,"column":22}},"53":{"start":{"line":54,"column":0},"end":{"line":54,"column":20}},"54":{"start":{"line":55,"column":0},"end":{"line":55,"column":11}},"55":{"start":{"line":56,"column":0},"end":{"line":56,"column":9}},"56":{"start":{"line":57,"column":0},"end":{"line":57,"column":30}},"57":{"start":{"line":58,"column":0},"end":{"line":58,"column":40}},"58":{"start":{"line":59,"column":0},"end":{"line":59,"column":33}},"59":{"start":{"line":60,"column":0},"end":{"line":60,"column":10}},"60":{"start":{"line":61,"column":0},"end":{"line":61,"column":30}},"61":{"start":{"line":62,"column":0},"end":{"line":62,"column":39}},"62":{"start":{"line":63,"column":0},"end":{"line":63,"column":33}},"63":{"start":{"line":64,"column":0},"end":{"line":64,"column":10}},"64":{"start":{"line":65,"column":0},"end":{"line":65,"column":8}},"65":{"start":{"line":66,"column":0},"end":{"line":66,"column":10}},"66":{"start":{"line":67,"column":0},"end":{"line":67,"column":4}},"67":{"start":{"line":68,"column":0},"end":{"line":68,"column":2}}},"s":{"0":1,"1":1,"2":1,"3":1,"4":1,"5":1,"6":1,"7":1,"8":1,"9":1,"10":1,"11":1,"12":1,"13":1,"14":1,"15":7,"16":7,"17":7,"18":7,"19":7,"20":7,"21":7,"22":7,"23":7,"24":1,"25":1,"26":1,"27":1,"28":1,"29":1,"30":7,"31":7,"32":7,"33":7,"34":7,"35":7,"36":22,"37":22,"38":22,"39":22,"40":22,"41":22,"42":22,"43":22,"44":22,"45":7,"46":7,"47":7,"48":7,"49":7,"50":7,"51":6,"52":6,"53":6,"54":6,"55":7,"56":7,"57":0,"58":0,"59":7,"60":7,"61":1,"62":1,"63":7,"64":7,"65":7,"66":7,"67":7},"branchMap":{"0":{"type":"branch","line":15,"loc":{"start":{"line":15,"column":27},"end":{"line":68,"column":2}},"locations":[{"start":{"line":15,"column":27},"end":{"line":68,"column":2}}]},"1":{"type":"branch","line":51,"loc":{"start":{"line":51,"column":23},"end":{"line":51,"column":25}},"locations":[{"start":{"line":51,"column":23},"end":{"line":51,"column":25}}]},"2":{"type":"branch","line":51,"loc":{"start":{"line":51,"column":23},"end":{"line":51,"column":25}},"locations":[{"start":{"line":51,"column":23},"end":{"line":51,"column":25}}]},"3":{"type":"branch","line":51,"loc":{"start":{"line":51,"column":23},"end":{"line":51,"column":37}},"locations":[{"start":{"line":51,"column":23},"end":{"line":51,"column":37}}]},"4":{"type":"branch","line":51,"loc":{"start":{"line":51,"column":37},"end":{"line":51,"column":41}},"locations":[{"start":{"line":51,"column":37},"end":{"line":51,"column":41}}]},"5":{"type":"branch","line":51,"loc":{"start":{"line":51,"column":37},"end":{"line":55,"column":11}},"locations":[{"start":{"line":51,"column":37},"end":{"line":55,"column":11}}]},"6":{"type":"branch","line":24,"loc":{"start":{"line":24,"column":22},"end":{"line":30,"column":4}},"locations":[{"start":{"line":24,"column":22},"end":{"line":30,"column":4}}]},"7":{"type":"branch","line":24,"loc":{"start":{"line":24,"column":55},"end":{"line":30,"column":3}},"locations":[{"start":{"line":24,"column":55},"end":{"line":30,"column":3}}]},"8":{"type":"branch","line":28,"loc":{"start":{"line":28,"column":13},"end":{"line":28,"column":20}},"locations":[{"start":{"line":28,"column":13},"end":{"line":28,"column":20}}]},"9":{"type":"branch","line":25,"loc":{"start":{"line":25,"column":33},"end":{"line":27,"column":5}},"locations":[{"start":{"line":25,"column":33},"end":{"line":27,"column":5}}]},"10":{"type":"branch","line":36,"loc":{"start":{"line":36,"column":25},"end":{"line":45,"column":16}},"locations":[{"start":{"line":36,"column":25},"end":{"line":45,"column":16}}]},"11":{"type":"branch","line":42,"loc":{"start":{"line":42,"column":53},"end":{"line":42,"column":77}},"locations":[{"start":{"line":42,"column":53},"end":{"line":42,"column":77}}]},"12":{"type":"branch","line":61,"loc":{"start":{"line":61,"column":23},"end":{"line":64,"column":9}},"locations":[{"start":{"line":61,"column":23},"end":{"line":64,"column":9}}]},"13":{"type":"branch","line":62,"loc":{"start":{"line":62,"column":23},"end":{"line":62,"column":25}},"locations":[{"start":{"line":62,"column":23},"end":{"line":62,"column":25}}]}},"b":{"0":[7],"1":[1],"2":[6],"3":[1],"4":[1],"5":[6],"6":[1],"7":[1],"8":[0],"9":[1],"10":[22],"11":[1],"12":[1],"13":[0]},"fnMap":{"0":{"name":"StudyRecord","decl":{"start":{"line":15,"column":27},"end":{"line":68,"column":2}},"loc":{"start":{"line":15,"column":27},"end":{"line":68,"column":2}},"line":15},"1":{"name":"handleModal","decl":{"start":{"line":24,"column":22},"end":{"line":30,"column":4}},"loc":{"start":{"line":24,"column":22},"end":{"line":30,"column":4}},"line":24},"2":{"name":"ok","decl":{"start":{"line":25,"column":33},"end":{"line":27,"column":5}},"loc":{"start":{"line":25,"column":33},"end":{"line":27,"column":5}},"line":25},"3":{"name":"onClick","decl":{"start":{"line":42,"column":53},"end":{"line":42,"column":77}},"loc":{"start":{"line":42,"column":53},"end":{"line":42,"column":77}},"line":42},"4":{"name":"onClickCancel","decl":{"start":{"line":57,"column":23},"end":{"line":60,"column":9}},"loc":{"start":{"line":57,"column":23},"end":{"line":60,"column":9}},"line":57},"5":{"name":"onClickDelete","decl":{"start":{"line":61,"column":23},"end":{"line":64,"column":9}},"loc":{"start":{"line":61,"column":23},"end":{"line":64,"column":9}},"line":61}},"f":{"0":7,"1":1,"2":1,"3":1,"4":0,"5":1}}
,"/home/yae/projects/studytime-record-app/src/components/ui/Title/Title.tsx": {"path":"/home/yae/projects/studytime-record-app/src/components/ui/Title/Title.tsx","all":false,"statementMap":{"0":{"start":{"line":1,"column":0},"end":{"line":1,"column":28}},"1":{"start":{"line":2,"column":0},"end":{"line":2,"column":10}},"2":{"start":{"line":3,"column":0},"end":{"line":3,"column":56}},"3":{"start":{"line":4,"column":0},"end":{"line":4,"column":26}},"4":{"start":{"line":5,"column":0},"end":{"line":5,"column":9}},"5":{"start":{"line":6,"column":0},"end":{"line":6,"column":4}},"6":{"start":{"line":7,"column":0},"end":{"line":7,"column":2}}},"s":{"0":1,"1":5,"2":5,"3":5,"4":5,"5":5,"6":5},"branchMap":{"0":{"type":"branch","line":1,"loc":{"start":{"line":1,"column":21},"end":{"line":7,"column":2}},"locations":[{"start":{"line":1,"column":21},"end":{"line":7,"column":2}}]}},"b":{"0":[5]},"fnMap":{"0":{"name":"Title","decl":{"start":{"line":1,"column":21},"end":{"line":7,"column":2}},"loc":{"start":{"line":1,"column":21},"end":{"line":7,"column":2}},"line":1}},"f":{"0":5}}
,"/home/yae/projects/studytime-record-app/src/utils/supabase.ts": {"path":"/home/yae/projects/studytime-record-app/src/utils/supabase.ts","all":false,"statementMap":{"0":{"start":{"line":1,"column":0},"end":{"line":1,"column":53}},"1":{"start":{"line":2,"column":0},"end":{"line":2,"column":0}},"2":{"start":{"line":3,"column":0},"end":{"line":3,"column":42}},"3":{"start":{"line":4,"column":0},"end":{"line":4,"column":42}},"4":{"start":{"line":5,"column":0},"end":{"line":5,"column":67}}},"s":{"0":1,"1":1,"2":1,"3":1,"4":1},"branchMap":{},"b":{},"fnMap":{},"f":{}}
}
