TN:
SF:src/components/page/helloWorld.jsx
FN:1,HelloWorld
FNF:1
FNH:1
FNDA:1,HelloWorld
DA:1,1
DA:2,1
DA:3,1
LF:3
LH:3
BRDA:1,0,0,1
BRF:1
BRH:1
end_of_record
TN:
SF:src/components/page/index.tsx
FN:8,Page
FN:22,getStudyRecord
FN:35,createStudyRecord
FN:51,deleteStudyRecord
FNF:4
FNH:4
FNDA:9,Page
FNDA:3,getStudyRecord
FNDA:1,createStudyRecord
FNDA:1,deleteStudyRecord
DA:1,1
DA:2,1
DA:3,1
DA:4,1
DA:5,1
DA:6,1
DA:7,1
DA:8,1
DA:9,9
DA:10,9
DA:11,9
DA:12,9
DA:13,1
DA:14,1
DA:15,1
DA:16,1
DA:17,1
DA:18,1
DA:19,1
DA:20,9
DA:21,9
DA:22,9
DA:23,3
DA:24,3
DA:25,3
DA:26,3
DA:27,2
DA:28,2
DA:29,3
DA:30,3
DA:31,0
DA:32,0
DA:33,3
DA:34,9
DA:35,9
DA:36,1
DA:37,1
DA:38,1
DA:39,1
DA:40,1
DA:41,1
DA:42,1
DA:43,1
DA:44,1
DA:45,1
DA:46,1
DA:47,0
DA:48,0
DA:49,1
DA:50,9
DA:51,9
DA:52,1
DA:53,1
DA:54,1
DA:55,1
DA:56,1
DA:57,1
DA:58,1
DA:59,1
DA:60,1
DA:61,1
DA:62,0
DA:63,0
DA:64,1
DA:65,9
DA:66,9
DA:67,9
DA:68,9
DA:69,4
DA:70,4
DA:71,4
DA:72,9
DA:73,5
DA:74,5
DA:75,5
DA:76,5
DA:77,5
DA:78,5
DA:79,5
DA:80,5
DA:81,9
DA:82,9
DA:83,9
DA:84,9
LF:84
LH:78
BRDA:8,0,0,9
BRDA:68,1,0,4
BRDA:72,2,0,5
BRDA:12,3,0,1
BRDA:13,4,0,1
BRDA:13,5,0,1
BRDA:15,6,0,1
BRDA:22,7,0,3
BRDA:22,8,0,3
BRDA:30,9,0,0
BRDA:24,10,0,3
BRDA:24,11,0,3
BRDA:26,12,0,2
BRDA:26,13,0,0
BRDA:27,14,0,2
BRDA:27,15,0,0
BRDA:28,16,0,2
BRDA:35,17,0,1
BRDA:35,18,0,1
BRDA:42,19,0,0
BRDA:46,20,0,0
BRDA:51,21,0,1
BRDA:51,22,0,1
BRDA:58,23,0,0
BRDA:61,24,0,0
BRF:25
BRH:18
end_of_record
TN:
SF:src/components/ui/Alert/Alert.tsx
FN:5,Alert
FNF:1
FNH:1
FNDA:2,Alert
DA:1,1
DA:2,1
DA:3,1
DA:4,1
DA:5,1
DA:6,2
DA:7,2
DA:8,2
DA:9,2
DA:10,2
DA:11,2
LF:11
LH:11
BRDA:5,0,0,2
BRDA:8,1,0,0
BRF:2
BRH:1
end_of_record
TN:
SF:src/components/ui/Form/Form.tsx
FN:13,Form
FN:31,handleRegister
FNF:2
FNH:2
FNDA:8,Form
FNDA:1,handleRegister
DA:1,1
DA:2,1
DA:3,1
DA:4,1
DA:5,1
DA:6,1
DA:7,1
DA:8,1
DA:9,1
DA:10,1
DA:11,1
DA:12,1
DA:13,1
DA:14,8
DA:15,8
DA:16,8
DA:17,8
DA:18,8
DA:19,8
DA:20,8
DA:21,8
DA:22,8
DA:23,8
DA:24,8
DA:25,8
DA:26,8
DA:27,8
DA:28,8
DA:29,8
DA:30,8
DA:31,8
DA:32,1
DA:33,1
DA:34,0
DA:35,0
DA:36,0
DA:37,0
DA:38,1
DA:39,8
DA:40,8
DA:41,8
DA:42,8
DA:43,8
DA:44,8
DA:45,8
DA:46,8
DA:47,8
DA:48,8
DA:49,8
DA:50,8
DA:51,8
DA:52,8
DA:53,8
DA:54,8
DA:55,8
DA:56,8
DA:57,8
DA:58,8
DA:59,8
DA:60,8
DA:61,8
DA:62,8
DA:63,8
DA:64,8
DA:65,8
DA:66,8
DA:67,8
DA:68,8
DA:69,8
DA:70,8
DA:71,8
DA:72,8
DA:73,8
DA:74,8
DA:75,8
DA:76,8
DA:77,8
DA:78,8
DA:79,8
DA:80,8
LF:80
LH:76
BRDA:13,0,0,8
BRDA:48,1,0,1
BRDA:48,2,0,7
BRDA:53,3,0,1
BRDA:60,4,0,1
BRDA:60,5,0,7
BRDA:67,6,0,1
BRDA:77,7,0,0
BRDA:31,8,0,1
BRDA:31,9,0,1
BRDA:34,10,0,0
BRF:11
BRH:9
end_of_record
TN:
SF:src/components/ui/Loading/Loading.tsx
FN:1,Loading
FNF:1
FNH:1
FNDA:4,Loading
DA:1,1
DA:2,4
DA:3,4
DA:4,4
DA:5,4
DA:6,4
DA:7,4
DA:8,32
DA:9,32
DA:10,32
DA:11,32
DA:12,32
DA:13,32
DA:14,32
DA:15,32
DA:16,4
DA:17,4
DA:18,4
DA:19,4
DA:20,4
DA:21,4
DA:22,4
DA:23,4
LF:23
LH:23
BRDA:1,0,0,4
BRDA:7,1,0,32
BRF:2
BRH:2
end_of_record
TN:
SF:src/components/ui/Modal/Modal.tsx
FN:10,Modal
FNF:1
FNH:1
FNDA:7,Modal
DA:1,1
DA:2,1
DA:3,1
DA:4,1
DA:5,1
DA:6,1
DA:7,1
DA:8,1
DA:9,1
DA:10,1
DA:11,7
DA:12,7
DA:13,7
DA:14,7
DA:15,7
DA:16,7
DA:17,7
DA:18,7
DA:19,7
DA:20,7
DA:21,7
DA:22,7
DA:23,7
DA:24,7
DA:25,7
DA:26,7
DA:27,7
DA:28,7
DA:29,7
DA:30,7
DA:31,7
DA:32,7
DA:33,7
DA:34,7
DA:35,7
DA:36,7
DA:37,7
LF:37
LH:37
BRDA:10,0,0,7
BRDA:19,1,0,6
BRF:2
BRH:2
end_of_record
TN:
SF:src/components/ui/StudyRecord/StudyRecord.tsx
FN:15,StudyRecord
FN:24,handleModal
FN:25,ok
FN:42,onClick
FN:57,onClickCancel
FN:61,onClickDelete
FNF:6
FNH:5
FNDA:7,StudyRecord
FNDA:1,handleModal
FNDA:1,ok
FNDA:1,onClick
FNDA:0,onClickCancel
FNDA:1,onClickDelete
DA:1,1
DA:2,1
DA:3,1
DA:4,1
DA:5,1
DA:6,1
DA:7,1
DA:8,1
DA:9,1
DA:10,1
DA:11,1
DA:12,1
DA:13,1
DA:14,1
DA:15,1
DA:16,7
DA:17,7
DA:18,7
DA:19,7
DA:20,7
DA:21,7
DA:22,7
DA:23,7
DA:24,7
DA:25,1
DA:26,1
DA:27,1
DA:28,1
DA:29,1
DA:30,1
DA:31,7
DA:32,7
DA:33,7
DA:34,7
DA:35,7
DA:36,7
DA:37,22
DA:38,22
DA:39,22
DA:40,22
DA:41,22
DA:42,22
DA:43,22
DA:44,22
DA:45,22
DA:46,7
DA:47,7
DA:48,7
DA:49,7
DA:50,7
DA:51,7
DA:52,6
DA:53,6
DA:54,6
DA:55,6
DA:56,7
DA:57,7
DA:58,0
DA:59,0
DA:60,7
DA:61,7
DA:62,1
DA:63,1
DA:64,7
DA:65,7
DA:66,7
DA:67,7
DA:68,7
LF:68
LH:66
BRDA:15,0,0,7
BRDA:51,1,0,1
BRDA:51,2,0,6
BRDA:51,3,0,1
BRDA:51,4,0,1
BRDA:51,5,0,6
BRDA:24,6,0,1
BRDA:24,7,0,1
BRDA:28,8,0,0
BRDA:25,9,0,1
BRDA:36,10,0,22
BRDA:42,11,0,1
BRDA:61,12,0,1
BRDA:62,13,0,0
BRF:14
BRH:12
end_of_record
TN:
SF:src/components/ui/Title/Title.tsx
FN:1,Title
FNF:1
FNH:1
FNDA:5,Title
DA:1,1
DA:2,5
DA:3,5
DA:4,5
DA:5,5
DA:6,5
DA:7,5
LF:7
LH:7
BRDA:1,0,0,5
BRF:1
BRH:1
end_of_record
TN:
SF:src/utils/supabase.ts
FNF:0
FNH:0
DA:1,1
DA:2,1
DA:3,1
DA:4,1
DA:5,1
LF:5
LH:5
BRF:0
BRH:0
end_of_record
